0 info it worked if it ends with ok
1 verbose cli [ '/usr/bin/nodejs', '/usr/bin/npm', 'install', 'level-proto' ]
2 info using npm@1.2.18
3 info using node@v0.10.15
4 verbose read json /home/alexander/www/exam/package.json
5 verbose read json /home/alexander/www/exam/node_modules/anygrid/package.json
6 verbose read json /home/alexander/www/exam/node_modules/bem/package.json
7 verbose read json /home/alexander/www/exam/node_modules/bem-environ/package.json
8 verbose read json /home/alexander/www/exam/node_modules/bem-xjst/package.json
9 verbose read json /home/alexander/www/exam/node_modules/bemhtml-compat/package.json
10 verbose read json /home/alexander/www/exam/node_modules/ym/package.json
11 verbose from cache /home/alexander/www/exam/package.json
12 verbose readDependencies using package.json deps
13 verbose cache add [ 'level-proto', null ]
14 verbose cache add name=undefined spec="level-proto" args=["level-proto",null]
15 verbose parsed url { protocol: null,
15 verbose parsed url   slashes: null,
15 verbose parsed url   auth: null,
15 verbose parsed url   host: null,
15 verbose parsed url   port: null,
15 verbose parsed url   hostname: null,
15 verbose parsed url   hash: null,
15 verbose parsed url   search: null,
15 verbose parsed url   query: null,
15 verbose parsed url   pathname: 'level-proto',
15 verbose parsed url   path: 'level-proto',
15 verbose parsed url   href: 'level-proto' }
16 silly lockFile d648ccfd-level-proto level-proto
17 verbose lock level-proto /home/alexander/.npm/d648ccfd-level-proto.lock
18 silly lockFile d648ccfd-level-proto level-proto
19 silly lockFile d648ccfd-level-proto level-proto
20 verbose addNamed [ 'level-proto', '' ]
21 verbose addNamed [ null, '*' ]
22 silly lockFile 21d36773-level-proto level-proto@
23 verbose lock level-proto@ /home/alexander/.npm/21d36773-level-proto.lock
24 silly addNameRange { name: 'level-proto', range: '*', hasData: false }
25 verbose url raw level-proto
26 verbose url resolving [ 'https://registry.npmjs.org/', './level-proto' ]
27 verbose url resolved https://registry.npmjs.org/level-proto
28 info trying registry request attempt 1 at 19:47:53
29 http GET https://registry.npmjs.org/level-proto
30 http 404 https://registry.npmjs.org/level-proto
31 silly registry.get cb [ 404,
31 silly registry.get   { server: 'CouchDB/1.5.0 (Erlang OTP/R15B03)',
31 silly registry.get     date: 'Wed, 18 Dec 2013 13:47:55 GMT',
31 silly registry.get     'content-type': 'application/json',
31 silly registry.get     'content-length': '52',
31 silly registry.get     'cache-control': 'must-revalidate' } ]
32 silly lockFile 21d36773-level-proto level-proto@
33 silly lockFile 21d36773-level-proto level-proto@
34 error 404 'level-proto' is not in the npm registry.
34 error 404 You should bug the author to publish it
34 error 404
34 error 404 Note that you can also install from a
34 error 404 tarball, folder, or http url, or git url.
35 error System Linux 3.11.0-14-generic
36 error command "/usr/bin/nodejs" "/usr/bin/npm" "install" "level-proto"
37 error cwd /home/alexander/www/exam
38 error node -v v0.10.15
39 error npm -v 1.2.18
40 error code E404
41 verbose exit [ 1, true ]
